<?xml version="1.0" encoding="UTF-8"?>
<!-- Generated by org.testng.reporters.JUnitReportReporter -->
<testsuite skipped="0" hostname="DESKTOP-1QPFEPM" name="org.hiii.NewTest" tests="2" failures="0" timestamp="21 Mar 2022 17:25:10 GMT" time="0.051" errors="0">
  <testcase name="f" time="0.031" classname="org.hiii.NewTest"/>
  <testcase name="f1" time="0.020" classname="org.hiii.NewTest"/>
</testsuite> <!-- org.hiii.NewTest -->
