<?xml version="1.0" encoding="UTF-8"?>
<!-- Generated by org.testng.reporters.JUnitReportReporter -->
<testsuite skipped="0" hostname="DESKTOP-1QPFEPM" name="org.hiiii.SampleTest" tests="3" failures="0" timestamp="22 Mar 2022 06:04:54 GMT" time="0.041" errors="0">
  <testcase name="firstTestCase" time="0.032" classname="org.hiiii.SampleTest"/>
  <testcase name="thirdTestCase" time="0.002" classname="org.hiiii.SampleTest"/>
  <testcase name="secondtTestCase" time="0.007" classname="org.hiiii.SampleTest"/>
</testsuite> <!-- org.hiiii.SampleTest -->
