<?xml version="1.0" encoding="UTF-8"?>
<!-- Generated by org.testng.reporters.JUnitReportReporter -->
<testsuite skipped="0" hostname="DESKTOP-1QPFEPM" name="org.hii.AssertTrueFalse" tests="1" failures="0" timestamp="21 Mar 2022 17:09:40 GMT" time="0.032" errors="0">
  <testcase name="check" time="0.032" classname="org.hii.AssertTrueFalse"/>
</testsuite> <!-- org.hii.AssertTrueFalse -->
