<?xml version="1.0" encoding="UTF-8"?>
<!-- Generated by org.testng.reporters.JUnitReportReporter -->
<testsuite skipped="0" hostname="DESKTOP-1QPFEPM" name="org.hi.ParallelEx" tests="2" failures="0" timestamp="21 Mar 2022 16:42:07 GMT" time="71.541" errors="0">
  <testcase name="openGoogle" time="36.666" classname="org.hi.ParallelEx"/>
  <testcase name="openBing" time="34.875" classname="org.hi.ParallelEx"/>
</testsuite> <!-- org.hi.ParallelEx -->
